#
# A fatal error has been detected by the Java Runtime Environment:
#
#  SIGSEGV (0xb) at pc=0x000000012252e511, pid=8182, tid=2571
#
# JRE version: Java(TM) SE Runtime Environment (8.0_45-b14) (build 1.8.0_45-b14)
# Java VM: Java HotSpot(TM) 64-Bit Server VM (25.45-b02 mixed mode bsd-amd64 compressed oops)
# Problematic frame:
# C  [libglass.dylib+0x15511]  GlassScreenDidChangeScreenParameters+0x21
#
# Failed to write core dump. Core dumps have been disabled. To enable core dumping, try "ulimit -c unlimited" before starting Java again
#
# If you would like to submit a bug report, please visit:
#   http://bugreport.java.com/bugreport/crash.jsp
#

---------------  T H R E A D  ---------------

Current thread is native thread

siginfo: si_signo: 11 (SIGSEGV), si_code: 1 (SEGV_MAPERR), si_addr: 0x0000000000000000

Registers:
RAX=0x0000000122560ac8, RBX=0x0000000000000000, RCX=0x0000000000000103, RDX=0x0000010000000100
RSP=0x00007fff5d1511e0, RBP=0x00007fff5d1511f0, RSI=0x00007ff0ead06428, RDI=0x0000000000000000
R8 =0x0000000000000040, R9 =0x00007fff78d251e0, R10=0xffffffffffffffff, R11=0x0000000000000246
R12=0x00007ff0eaf7d420, R13=0x00007ff0eac392b0, R14=0x00007ff0eac39370, R15=0x0000000000000000
RIP=0x000000012252e511, EFLAGS=0x0000000000010246, ERR=0x0000000000000004
  TRAPNO=0x000000000000000e

Top of Stack: (sp=0x00007fff5d1511e0)
0x00007fff5d1511e0:   00007fff5d151238 00007ff0eac39370
0x00007fff5d1511f0:   00007fff5d151200 00007fff928e9bbc
0x00007fff5d151200:   00007fff5d151220 00007fff928e9b4f
0x00007fff5d151210:   0000000000000000 0000000000000000
0x00007fff5d151220:   00007fff5d151290 00007fff928e9ac7
0x00007fff5d151230:   00007fff92caa6c0 00007fff78af90a0
0x00007fff5d151240:   0000000042000000 00007fff928e9b10
0x00007fff5d151250:   00007fff76b8f720 00007ff0eac392b0
0x00007fff5d151260:   00007ff0eaf7d420 00007fff5d151a38
0x00007fff5d151270:   00007fff76cbc780 00007fff5d151a38
0x00007fff5d151280:   00007ff0eac392b0 00007fff92ca99e2
0x00007fff5d151290:   00007fff5d1512d0 00007fff928e9832
0x00007fff5d1512a0:   00007fff5d1518b0 0000000000000000
0x00007fff5d1512b0:   00007fff76cbc780 00007fff5d151a38
0x00007fff5d1512c0:   00007fff99a924c0 00007fff92ca99e2
0x00007fff5d1512d0:   00007fff5d1519e0 00007fff928a65e2
0x00007fff5d1512e0:   00007ff0eaf7d300 0000000000000002
0x00007fff5d1512f0:   0000000000000000 00007ff0ed90ccb0
0x00007fff5d151300:   00007ff0eb009048 00007ff0eaf3fbe0
0x00007fff5d151310:   0000000000000000 00007ff0eac393d0
0x00007fff5d151320:   0000000000000000 0000000000000000
0x00007fff5d151330:   00007fff76bccbc0 00007fff5d1518b0
0x00007fff5d151340:   0000000000000001 0000000000000100
0x00007fff5d151350:   0000000000001700 00007fff5d1517b0
0x00007fff5d151360:   0000000000000000 0000000000000100
0x00007fff5d151370:   4095dc0000000000 00007fff76cbc780
0x00007fff5d151380:   0000000000000000 00007fff76b90500
0x00007fff5d151390:   00007fff76cbc780 0000000000000000
0x00007fff5d1513a0:   00007fff76b90500 00007ff0eaf7dc10
0x00007fff5d1513b0:   00007ff0eaf7d300 00007fff9a4551ab
0x00007fff5d1513c0:   0000000000151b01 00007fff78b982c0
0x00007fff5d1513d0:   0000000000151b00 0000000078b982c0 

Instructions: (pc=0x000000012252e511)
0x000000012252e4f1:   48 89 e5 41 56 53 48 8d 05 c2 26 03 00 48 83 38
0x000000012252e501:   00 48 89 fb 75 72 48 8d 05 ba 25 03 00 48 8b 30
0x000000012252e511:   48 8b 03 48 8d 15 6c 9a 01 00 48 8d 0d 86 6f 01
0x000000012252e521:   00 48 89 df ff 90 88 03 00 00 48 8d 0d 8e 26 03 

Register to memory mapping:

RAX=0x0000000122560ac8: jScreenClass+0 in /Library/Java/JavaVirtualMachines/jdk1.8.0_45.jdk/Contents/Home/jre/lib/libglass.dylib at 0x0000000122519000
RBX=0x0000000000000000 is an unknown value
RCX=0x0000000000000103 is an unknown value
RDX=0x0000010000000100 is an unknown value
RSP=0x00007fff5d1511e0 is an unknown value
RBP=0x00007fff5d1511f0 is an unknown value
RSI=0x00007ff0ead06428 is a global jni handle
RDI=0x0000000000000000 is an unknown value
R8 =0x0000000000000040 is an unknown value
R9 =0x00007fff78d251e0: __sFX+0x1c0 in /usr/lib/system/libsystem_c.dylib at 0x00007fff9a86a000
R10=0xffffffffffffffff is an unknown value
R11=0x0000000000000246 is an unknown value
R12=0x00007ff0eaf7d420 is an unknown value
R13=0x00007ff0eac392b0 is an unknown value
R14=0x00007ff0eac39370 is an unknown value
R15=0x0000000000000000 is an unknown value


Stack: [0x00007fff5c955000,0x00007fff5d155000],  sp=0x00007fff5d1511e0,  free space=8176k
Native frames: (J=compiled Java code, j=interpreted, Vv=VM code, C=native code)
C  [libglass.dylib+0x15511]  GlassScreenDidChangeScreenParameters+0x21
C  [CoreFoundation+0xa0bbc]  __CFNOTIFICATIONCENTER_IS_CALLING_OUT_TO_AN_OBSERVER__+0xc
C  [CoreFoundation+0xa0b4f]  ___CFXRegistrationPost_block_invoke+0x3f
C  [CoreFoundation+0xa0ac7]  _CFXRegistrationPost+0x197
C  [CoreFoundation+0xa0832]  ___CFXNotificationPost_block_invoke+0x32
C  [CoreFoundation+0x5d5e2]  -[_CFXNotificationRegistrar find:object:observer:enumerator:]+0x782
C  [CoreFoundation+0x5c835]  _CFXNotificationPost+0x2b5
C  [Foundation+0x717a]  -[NSNotificationCenter postNotificationName:object:userInfo:]+0x42
C  [AppKit+0x41c08b]  -[NSApplication _reactToScreenInvalidationImmediately:]+0x17f
C  [AppKit+0x41bedc]  __44-[NSApplication _reactToScreenInvalidation:]_block_invoke+0x3b
C  [CoreFoundation+0xaa4ac]  __CFRUNLOOP_IS_CALLING_OUT_TO_A_BLOCK__+0xc
C  [CoreFoundation+0x89d05]  __CFRunLoopDoBlocks+0x155
C  [CoreFoundation+0x89a6b]  __CFRunLoopRun+0x92b
C  [CoreFoundation+0x88ed8]  CFRunLoopRunSpecific+0x128
C  [java+0x6490]  CreateExecutionEnvironment+0x367
C  [java+0x221c]  JLI_Launch+0x7a0
C  [java+0x84ed]  main+0x65
C  [java+0x1a74]  start+0x34


---------------  P R O C E S S  ---------------

VM state:at safepoint (normal execution)

VM Mutex/Monitor currently owned by a thread:  ([mutex/lock_event])
[0x00007ff0ed902810] Threads_lock - owner thread: 0x00007ff0ec003000
[0x00007ff0ed902d10] Heap_lock - owner thread: 0x00007ff0ec003800

Heap:
 PSYoungGen      total 76288K, used 18800K [0x000000076ab00000, 0x0000000770000000, 0x00000007c0000000)
  eden space 65536K, 28% used [0x000000076ab00000,0x000000076bd5c048,0x000000076eb00000)
  from space 10752K, 0% used [0x000000076f580000,0x000000076f580000,0x0000000770000000)
  to   space 10752K, 0% used [0x000000076eb00000,0x000000076eb00000,0x000000076f580000)
 ParOldGen       total 175104K, used 0K [0x00000006c0000000, 0x00000006cab00000, 0x000000076ab00000)
  object space 175104K, 0% used [0x00000006c0000000,0x00000006c0000000,0x00000006cab00000)
 Metaspace       used 7092K, capacity 7346K, committed 7680K, reserved 1056768K
  class space    used 840K, capacity 930K, committed 1024K, reserved 1048576K

Card table byte_map: [0x0000000114129000,0x000000011492a000] byte_map_base: 0x0000000110b29000

Marking Bits: (ParMarkBitMap*) 0x00000001046c27a0
 Begin Bits: [0x0000000114e80000, 0x0000000118e80000)
 End Bits:   [0x0000000118e80000, 0x000000011ce80000)

Polling page: 0x0000000102d6e000

CodeCache: size=245760Kb used=2153Kb max_used=2153Kb free=243606Kb
 bounds [0x0000000104d69000, 0x0000000104fd9000, 0x0000000113d69000]
 total_blobs=867 nmethods=481 adapters=300
 compilation: enabled

Compilation events (10 events):
Event: 0.438 Thread 0x00007ff0ed054000 nmethod 477 0x0000000104f804d0 code [0x0000000104f80640, 0x0000000104f807d0]
Event: 0.439 Thread 0x00007ff0ed054000  478       3       java.net.URLStreamHandler::setURL (40 bytes)
Event: 0.439 Thread 0x00007ff0ed054000 nmethod 478 0x0000000104f80850 code [0x0000000104f809e0, 0x0000000104f80dd8]
Event: 0.439 Thread 0x00007ff0ed054000  479   !   3       java.net.URL::set (114 bytes)
Event: 0.440 Thread 0x00007ff0ed054000 nmethod 479 0x0000000104f80f90 code [0x0000000104f81180, 0x0000000104f81cd8]
Event: 0.441 Thread 0x00007ff0ed054000  481       3       jdk.internal.org.objectweb.asm.MethodWriter::<init> (268 bytes)
Event: 0.443 Thread 0x00007ff0ed054000 nmethod 481 0x0000000104f82a50 code [0x0000000104f82ca0, 0x0000000104f839a8]
Event: 0.443 Thread 0x00007ff0ed054000  480       3       jdk.internal.org.objectweb.asm.ClassWriter::visitMethod (24 bytes)
Event: 0.443 Thread 0x00007ff0ed054000 nmethod 480 0x0000000104f840d0 code [0x0000000104f84240, 0x0000000104f84468]
Event: 0.443 Thread 0x00007ff0ed054000  482       3       jdk.internal.org.objectweb.asm.MethodWriter::getSize (838 bytes)

GC Heap History (0 events):
No events

Deoptimization events (1 events):
Event: 0.426 Thread 0x00007ff0ed168000 Uncommon trap: reason=unstable_if action=reinterpret pc=0x0000000104f2b3c4 method=java.lang.String.replace(CC)Ljava/lang/String; @ 26

Internal exceptions (10 events):
Event: 0.046 Thread 0x00007ff0ec003800 Exception <a 'java/lang/NoSuchMethodError': Method sun.misc.Unsafe.defineClass(Ljava/lang/String;[BII)Ljava/lang/Class; name or signature does not match> (0x000000076ab12db0) thrown at [/Users/java_re/workspace/8-2-build-macosx-x86_64/jdk8u45/3457/hotspot
Event: 0.046 Thread 0x00007ff0ec003800 Exception <a 'java/lang/NoSuchMethodError': Method sun.misc.Unsafe.prefetchRead(Ljava/lang/Object;J)V name or signature does not match> (0x000000076ab13040) thrown at [/Users/java_re/workspace/8-2-build-macosx-x86_64/jdk8u45/3457/hotspot/src/share/vm/prim
Event: 0.184 Thread 0x00007ff0ec003800 Exception <a 'java/lang/NoSuchFieldError': method resolution failed> (0x000000076b0d9350) thrown at [/Users/java_re/workspace/8-2-build-macosx-x86_64/jdk8u45/3457/hotspot/src/share/vm/prims/methodHandles.cpp, line 1125]
Event: 0.186 Thread 0x00007ff0ec003800 Exception <a 'java/lang/NoSuchFieldError': method resolution failed> (0x000000076b0e7a20) thrown at [/Users/java_re/workspace/8-2-build-macosx-x86_64/jdk8u45/3457/hotspot/src/share/vm/prims/methodHandles.cpp, line 1125]
Event: 0.204 Thread 0x00007ff0ec87e000 Exception <a 'java/security/PrivilegedActionException'> (0x000000076b2c8d18) thrown at [/Users/java_re/workspace/8-2-build-macosx-x86_64/jdk8u45/3457/hotspot/src/share/vm/prims/jvm.cpp, line 1382]
Event: 0.204 Thread 0x00007ff0ec87e000 Exception <a 'java/security/PrivilegedActionException'> (0x000000076b2c8ed0) thrown at [/Users/java_re/workspace/8-2-build-macosx-x86_64/jdk8u45/3457/hotspot/src/share/vm/prims/jvm.cpp, line 1382]
Event: 0.204 Thread 0x00007ff0ec87e000 Exception <a 'java/security/PrivilegedActionException'> (0x000000076b2cc0c0) thrown at [/Users/java_re/workspace/8-2-build-macosx-x86_64/jdk8u45/3457/hotspot/src/share/vm/prims/jvm.cpp, line 1382]
Event: 0.204 Thread 0x00007ff0ec87e000 Exception <a 'java/security/PrivilegedActionException'> (0x000000076b2cc278) thrown at [/Users/java_re/workspace/8-2-build-macosx-x86_64/jdk8u45/3457/hotspot/src/share/vm/prims/jvm.cpp, line 1382]
Event: 0.204 Thread 0x00007ff0ec87e000 Exception <a 'java/lang/NullPointerException'> (0x000000076b2cca10) thrown at [/Users/java_re/workspace/8-2-build-macosx-x86_64/jdk8u45/3457/hotspot/src/share/vm/interpreter/linkResolver.cpp, line 1178]
Event: 0.442 Thread 0x00007ff0ec003800 Exception <a 'java/lang/reflect/InvocationTargetException'> (0x000000076b16cbd0) thrown at [/Users/java_re/workspace/8-2-build-macosx-x86_64/jdk8u45/3457/hotspot/src/share/vm/runtime/reflection.cpp, line 1080]

Events (10 events):
Event: 0.443 loading class java/lang/Throwable$WrappedPrintStream done
Event: 0.443 loading class java/util/IdentityHashMap$KeySet
Event: 0.443 loading class java/util/IdentityHashMap$KeySet done
Event: 0.444 Thread 0x00007ff0ec003800 Thread exited: 0x00007ff0ec003800
Event: 0.444 Thread 0x00007ff0ec003800 Thread added: 0x00007ff0ec003800
Event: 0.444 loading class java/util/IdentityHashMap$KeyIterator
Event: 0.444 loading class java/util/IdentityHashMap$IdentityHashMapIterator
Event: 0.444 loading class java/util/IdentityHashMap$IdentityHashMapIterator done
Event: 0.444 loading class java/util/IdentityHashMap$KeyIterator done
Event: 0.444 Thread 0x00007ff0ec003800 Thread exited: 0x00007ff0ec003800


Dynamic libraries:
0x00000000048a2000 	/System/Library/Frameworks/Cocoa.framework/Versions/A/Cocoa
0x00000000048a2000 	/System/Library/Frameworks/Security.framework/Versions/A/Security
0x00000000048a2000 	/System/Library/Frameworks/ApplicationServices.framework/Versions/A/ApplicationServices
0x00000000048a2000 	/usr/lib/libz.1.dylib
0x00000000048a2000 	/usr/lib/libSystem.B.dylib
0x00000000048a2000 	/usr/lib/libobjc.A.dylib
0x00000000048a2000 	/System/Library/Frameworks/CoreFoundation.framework/Versions/A/CoreFoundation
0x00000000048a2000 	/System/Library/Frameworks/Foundation.framework/Versions/C/Foundation
0x00000000048a2000 	/System/Library/Frameworks/AppKit.framework/Versions/C/AppKit
0x00000000048a2000 	/System/Library/Frameworks/CoreData.framework/Versions/A/CoreData
0x00000000048a2000 	/System/Library/PrivateFrameworks/RemoteViewServices.framework/Versions/A/RemoteViewServices
0x00000000048a2000 	/System/Library/PrivateFrameworks/UIFoundation.framework/Versions/A/UIFoundation
0x00000000048a2000 	/usr/lib/libScreenReader.dylib
0x00000000048a2000 	/System/Library/Frameworks/Accelerate.framework/Versions/A/Accelerate
0x00000000048a2000 	/System/Library/Frameworks/IOSurface.framework/Versions/A/IOSurface
0x00000000048a2000 	/System/Library/Frameworks/AudioToolbox.framework/Versions/A/AudioToolbox
0x00000000048a2000 	/System/Library/Frameworks/AudioUnit.framework/Versions/A/AudioUnit
0x00000000048a2000 	/System/Library/PrivateFrameworks/DataDetectorsCore.framework/Versions/A/DataDetectorsCore
0x00000000048a2000 	/System/Library/PrivateFrameworks/DesktopServicesPriv.framework/Versions/A/DesktopServicesPriv
0x00000000048a2000 	/System/Library/Frameworks/Carbon.framework/Versions/A/Frameworks/HIToolbox.framework/Versions/A/HIToolbox
0x00000000048a2000 	/System/Library/Frameworks/QuartzCore.framework/Versions/A/QuartzCore
0x00000000048a2000 	/System/Library/Frameworks/Carbon.framework/Versions/A/Frameworks/SpeechRecognition.framework/Versions/A/SpeechRecognition
0x00000000048a2000 	/usr/lib/libauto.dylib
0x00000000048a2000 	/usr/lib/libicucore.A.dylib
0x00000000048a2000 	/usr/lib/libxml2.2.dylib
0x00000000048a2000 	/System/Library/PrivateFrameworks/CoreUI.framework/Versions/A/CoreUI
0x00000000048a2000 	/System/Library/Frameworks/CoreAudio.framework/Versions/A/CoreAudio
0x00000000048a2000 	/System/Library/Frameworks/DiskArbitration.framework/Versions/A/DiskArbitration
0x00000000048a2000 	/usr/lib/liblangid.dylib
0x00000000048a2000 	/System/Library/PrivateFrameworks/MultitouchSupport.framework/Versions/A/MultitouchSupport
0x00000000048a2000 	/System/Library/Frameworks/IOKit.framework/Versions/A/IOKit
0x00000000048a2000 	/usr/lib/libDiagnosticMessagesClient.dylib
0x00000000048a2000 	/System/Library/Frameworks/CoreServices.framework/Versions/A/CoreServices
0x00000000048a2000 	/System/Library/PrivateFrameworks/PerformanceAnalysis.framework/Versions/A/PerformanceAnalysis
0x00000000048a2000 	/System/Library/PrivateFrameworks/GenerationalStorage.framework/Versions/A/GenerationalStorage
0x00000000048a2000 	/System/Library/Frameworks/OpenGL.framework/Versions/A/OpenGL
0x00000000048a2000 	/System/Library/PrivateFrameworks/Sharing.framework/Versions/A/Sharing
0x00000000048a2000 	/System/Library/Frameworks/CoreGraphics.framework/Versions/A/CoreGraphics
0x00000000048a2000 	/System/Library/Frameworks/CoreImage.framework/Versions/A/CoreImage
0x00000000048a2000 	/System/Library/Frameworks/CoreText.framework/Versions/A/CoreText
0x00000000048a2000 	/System/Library/Frameworks/ImageIO.framework/Versions/A/ImageIO
0x00000000048a2000 	/System/Library/PrivateFrameworks/Backup.framework/Versions/A/Backup
0x00000000048a2000 	/usr/lib/libextension.dylib
0x00000000048a2000 	/usr/lib/libarchive.2.dylib
0x00000000048a2000 	/System/Library/Frameworks/CFNetwork.framework/Versions/A/CFNetwork
0x00000000048a2000 	/System/Library/Frameworks/SystemConfiguration.framework/Versions/A/SystemConfiguration
0x00000000048a2000 	/usr/lib/libCRFSuite.dylib
0x00000000048a2000 	/usr/lib/libc++.1.dylib
0x00000000048a2000 	/usr/lib/libc++abi.dylib
0x00000000048a2000 	/usr/lib/system/libcache.dylib
0x00000000048a2000 	/usr/lib/system/libcommonCrypto.dylib
0x00000000048a2000 	/usr/lib/system/libcompiler_rt.dylib
0x00000000048a2000 	/usr/lib/system/libcopyfile.dylib
0x00000000048a2000 	/usr/lib/system/libcorecrypto.dylib
0x00000000048a2000 	/usr/lib/system/libdispatch.dylib
0x00000000048a2000 	/usr/lib/system/libdyld.dylib
0x00000000048a2000 	/usr/lib/system/libkeymgr.dylib
0x00000000048a2000 	/usr/lib/system/liblaunch.dylib
0x00000000048a2000 	/usr/lib/system/libmacho.dylib
0x00000000048a2000 	/usr/lib/system/libquarantine.dylib
0x00000000048a2000 	/usr/lib/system/libremovefile.dylib
0x00000000048a2000 	/usr/lib/system/libsystem_asl.dylib
0x00000000048a2000 	/usr/lib/system/libsystem_blocks.dylib
0x00000000048a2000 	/usr/lib/system/libsystem_c.dylib
0x00000000048a2000 	/usr/lib/system/libsystem_configuration.dylib
0x00000000048a2000 	/usr/lib/system/libsystem_coreservices.dylib
0x00000000048a2000 	/usr/lib/system/libsystem_coretls.dylib
0x00000000048a2000 	/usr/lib/system/libsystem_dnssd.dylib
0x00000000048a2000 	/usr/lib/system/libsystem_info.dylib
0x00000000048a2000 	/usr/lib/system/libsystem_kernel.dylib
0x00000000048a2000 	/usr/lib/system/libsystem_m.dylib
0x00000000048a2000 	/usr/lib/system/libsystem_malloc.dylib
0x00000000048a2000 	/usr/lib/system/libsystem_network.dylib
0x00000000048a2000 	/usr/lib/system/libsystem_networkextension.dylib
0x00000000048a2000 	/usr/lib/system/libsystem_notify.dylib
0x00000000048a2000 	/usr/lib/system/libsystem_platform.dylib
0x00000000048a2000 	/usr/lib/system/libsystem_pthread.dylib
0x00000000048a2000 	/usr/lib/system/libsystem_sandbox.dylib
0x00000000048a2000 	/usr/lib/system/libsystem_secinit.dylib
0x00000000048a2000 	/usr/lib/system/libsystem_trace.dylib
0x00000000048a2000 	/usr/lib/system/libunc.dylib
0x00000000048a2000 	/usr/lib/system/libunwind.dylib
0x00000000048a2000 	/usr/lib/system/libxpc.dylib
0x00000000048a2000 	/usr/lib/libenergytrace.dylib
0x00000000048a2000 	/usr/lib/libbsm.0.dylib
0x00000000048a2000 	/usr/lib/system/libkxld.dylib
0x00000000048a2000 	/usr/lib/libxar.1.dylib
0x00000000048a2000 	/usr/lib/libsqlite3.dylib
0x00000000048a2000 	/usr/lib/libpam.2.dylib
0x00000000048a2000 	/usr/lib/libOpenScriptingUtil.dylib
0x00000000048a2000 	/usr/lib/libbz2.1.0.dylib
0x00000000048a2000 	/usr/lib/liblzma.5.dylib
0x00000000048a2000 	/System/Library/Frameworks/CoreServices.framework/Versions/A/Frameworks/FSEvents.framework/Versions/A/FSEvents
0x00000000048a2000 	/System/Library/Frameworks/CoreServices.framework/Versions/A/Frameworks/CarbonCore.framework/Versions/A/CarbonCore
0x00000000048a2000 	/System/Library/Frameworks/CoreServices.framework/Versions/A/Frameworks/Metadata.framework/Versions/A/Metadata
0x00000000048a2000 	/System/Library/Frameworks/CoreServices.framework/Versions/A/Frameworks/OSServices.framework/Versions/A/OSServices
0x00000000048a2000 	/System/Library/Frameworks/CoreServices.framework/Versions/A/Frameworks/SearchKit.framework/Versions/A/SearchKit
0x00000000048a2000 	/System/Library/Frameworks/CoreServices.framework/Versions/A/Frameworks/AE.framework/Versions/A/AE
0x00000000048a2000 	/System/Library/Frameworks/CoreServices.framework/Versions/A/Frameworks/LaunchServices.framework/Versions/A/LaunchServices
0x00000000048a2000 	/System/Library/Frameworks/CoreServices.framework/Versions/A/Frameworks/DictionaryServices.framework/Versions/A/DictionaryServices
0x00000000048a2000 	/System/Library/Frameworks/CoreServices.framework/Versions/A/Frameworks/SharedFileList.framework/Versions/A/SharedFileList
0x00000000048a2000 	/System/Library/Frameworks/NetFS.framework/Versions/A/NetFS
0x00000000048a2000 	/System/Library/PrivateFrameworks/NetAuth.framework/Versions/A/NetAuth
0x00000000048a2000 	/System/Library/PrivateFrameworks/login.framework/Versions/A/Frameworks/loginsupport.framework/Versions/A/loginsupport
0x00000000048a2000 	/System/Library/PrivateFrameworks/TCC.framework/Versions/A/TCC
0x00000000048a2000 	/usr/lib/libmecabra.dylib
0x00000000048a2000 	/System/Library/Frameworks/ApplicationServices.framework/Versions/A/Frameworks/ATS.framework/Versions/A/ATS
0x00000000048a2000 	/System/Library/Frameworks/ApplicationServices.framework/Versions/A/Frameworks/ColorSync.framework/Versions/A/ColorSync
0x00000000048a2000 	/System/Library/Frameworks/ApplicationServices.framework/Versions/A/Frameworks/HIServices.framework/Versions/A/HIServices
0x00000000048a2000 	/System/Library/Frameworks/ApplicationServices.framework/Versions/A/Frameworks/LangAnalysis.framework/Versions/A/LangAnalysis
0x00000000048a2000 	/System/Library/Frameworks/ApplicationServices.framework/Versions/A/Frameworks/PrintCore.framework/Versions/A/PrintCore
0x00000000048a2000 	/System/Library/Frameworks/ApplicationServices.framework/Versions/A/Frameworks/QD.framework/Versions/A/QD
0x00000000048a2000 	/System/Library/Frameworks/ApplicationServices.framework/Versions/A/Frameworks/SpeechSynthesis.framework/Versions/A/SpeechSynthesis
0x00000000048a2000 	/System/Library/Frameworks/Metal.framework/Versions/A/Metal
0x00000000048a2000 	/System/Library/Frameworks/Accelerate.framework/Versions/A/Frameworks/vImage.framework/Versions/A/vImage
0x00000000048a2000 	/System/Library/Frameworks/Accelerate.framework/Versions/A/Frameworks/vecLib.framework/Versions/A/vecLib
0x00000000048a2000 	/System/Library/Frameworks/Accelerate.framework/Versions/A/Frameworks/vecLib.framework/Versions/A/libvDSP.dylib
0x00000000048a2000 	/System/Library/Frameworks/Accelerate.framework/Versions/A/Frameworks/vecLib.framework/Versions/A/libvMisc.dylib
0x00000000048a2000 	/System/Library/Frameworks/Accelerate.framework/Versions/A/Frameworks/vecLib.framework/Versions/A/libLAPACK.dylib
0x00000000048a2000 	/System/Library/Frameworks/Accelerate.framework/Versions/A/Frameworks/vecLib.framework/Versions/A/libBLAS.dylib
0x00000000048a2000 	/System/Library/Frameworks/Accelerate.framework/Versions/A/Frameworks/vecLib.framework/Versions/A/libLinearAlgebra.dylib
0x00000000048a2000 	/System/Library/Frameworks/Accelerate.framework/Versions/A/Frameworks/vecLib.framework/Versions/A/libSparseBLAS.dylib
0x00000000048a2000 	/System/Library/PrivateFrameworks/GPUCompiler.framework/libmetal_timestamp.dylib
0x00000000048a2000 	/System/Library/Frameworks/OpenGL.framework/Versions/A/Libraries/libCoreFSCache.dylib
0x00000000048a2000 	/System/Library/PrivateFrameworks/IOAccelerator.framework/Versions/A/IOAccelerator
0x00000000048a2000 	/System/Library/Frameworks/ApplicationServices.framework/Versions/A/Frameworks/ATS.framework/Versions/A/Resources/libFontParser.dylib
0x00000000048a2000 	/System/Library/Frameworks/ApplicationServices.framework/Versions/A/Frameworks/ATS.framework/Versions/A/Resources/libFontRegistry.dylib
0x00000000048a2000 	/System/Library/PrivateFrameworks/AppleVPA.framework/Versions/A/AppleVPA
0x00000000048a2000 	/System/Library/PrivateFrameworks/AppleJPEG.framework/Versions/A/AppleJPEG
0x00000000048a2000 	/System/Library/Frameworks/ImageIO.framework/Versions/A/Resources/libJPEG.dylib
0x00000000048a2000 	/System/Library/Frameworks/ImageIO.framework/Versions/A/Resources/libTIFF.dylib
0x00000000048a2000 	/System/Library/Frameworks/ImageIO.framework/Versions/A/Resources/libPng.dylib
0x00000000048a2000 	/System/Library/Frameworks/ImageIO.framework/Versions/A/Resources/libGIF.dylib
0x00000000048a2000 	/System/Library/Frameworks/ImageIO.framework/Versions/A/Resources/libJP2.dylib
0x00000000048a2000 	/System/Library/Frameworks/ImageIO.framework/Versions/A/Resources/libRadiance.dylib
0x00000000048a2000 	/System/Library/Frameworks/CoreVideo.framework/Versions/A/CoreVideo
0x00000000048a2000 	/System/Library/Frameworks/OpenGL.framework/Versions/A/Libraries/libGLU.dylib
0x00000000048a2000 	/System/Library/Frameworks/OpenGL.framework/Versions/A/Libraries/libGFXShared.dylib
0x00000000048a2000 	/System/Library/Frameworks/OpenGL.framework/Versions/A/Libraries/libGL.dylib
0x00000000048a2000 	/System/Library/Frameworks/OpenGL.framework/Versions/A/Libraries/libGLImage.dylib
0x00000000048a2000 	/System/Library/Frameworks/OpenGL.framework/Versions/A/Libraries/libCVMSPluginSupport.dylib
0x00000000048a2000 	/System/Library/Frameworks/OpenGL.framework/Versions/A/Libraries/libCoreVMClient.dylib
0x00000000048a2000 	/usr/lib/libcompression.dylib
0x00000000048a2000 	/usr/lib/libcups.2.dylib
0x00000000048a2000 	/System/Library/Frameworks/Kerberos.framework/Versions/A/Kerberos
0x00000000048a2000 	/System/Library/Frameworks/GSS.framework/Versions/A/GSS
0x00000000048a2000 	/usr/lib/libresolv.9.dylib
0x00000000048a2000 	/usr/lib/libiconv.2.dylib
0x00000000048a2000 	/System/Library/PrivateFrameworks/Heimdal.framework/Versions/A/Heimdal
0x00000000048a2000 	/usr/lib/libheimdal-asn1.dylib
0x00000000048a2000 	/System/Library/Frameworks/OpenDirectory.framework/Versions/A/OpenDirectory
0x00000000048a2000 	/System/Library/PrivateFrameworks/CommonAuth.framework/Versions/A/CommonAuth
0x00000000048a2000 	/System/Library/Frameworks/OpenDirectory.framework/Versions/A/Frameworks/CFOpenDirectory.framework/Versions/A/CFOpenDirectory
0x00000000048a2000 	/System/Library/Frameworks/SecurityFoundation.framework/Versions/A/SecurityFoundation
0x00000000048a2000 	/System/Library/PrivateFrameworks/LanguageModeling.framework/Versions/A/LanguageModeling
0x00000000048a2000 	/usr/lib/libmarisa.dylib
0x00000000048a2000 	/usr/lib/libChineseTokenizer.dylib
0x00000000048a2000 	/usr/lib/libcmph.dylib
0x00000000048a2000 	/System/Library/Frameworks/ServiceManagement.framework/Versions/A/ServiceManagement
0x00000000048a2000 	/usr/lib/libxslt.1.dylib
0x00000000048a2000 	/System/Library/Frameworks/Carbon.framework/Versions/A/Frameworks/Ink.framework/Versions/A/Ink
0x00000000048a2000 	/usr/lib/libFosl_dynamic.dylib
0x00000000048a2000 	/System/Library/PrivateFrameworks/FaceCore.framework/Versions/A/FaceCore
0x00000000048a2000 	/System/Library/Frameworks/OpenCL.framework/Versions/A/OpenCL
0x00000000048a2000 	/System/Library/PrivateFrameworks/CrashReporterSupport.framework/Versions/A/CrashReporterSupport
0x00000000048a2000 	/System/Library/PrivateFrameworks/IconServices.framework/Versions/A/IconServices
0x00000000048a2000 	/System/Library/PrivateFrameworks/Apple80211.framework/Versions/A/Apple80211
0x00000000048a2000 	/System/Library/Frameworks/CoreWLAN.framework/Versions/A/CoreWLAN
0x00000000048a2000 	/System/Library/Frameworks/IOBluetooth.framework/Versions/A/IOBluetooth
0x00000000048a2000 	/System/Library/PrivateFrameworks/CoreWiFi.framework/Versions/A/CoreWiFi
0x00000000048a2000 	/System/Library/Frameworks/CoreBluetooth.framework/Versions/A/CoreBluetooth
0x00000000048a2000 	/System/Library/PrivateFrameworks/ChunkingLibrary.framework/Versions/A/ChunkingLibrary
0x00000000048a2000 	/System/Library/PrivateFrameworks/DebugSymbols.framework/Versions/A/DebugSymbols
0x00000000048a2000 	/System/Library/PrivateFrameworks/CoreSymbolication.framework/Versions/A/CoreSymbolication
0x00000000048a2000 	/System/Library/PrivateFrameworks/Symbolication.framework/Versions/A/Symbolication
0x00000000048a2000 	/System/Library/PrivateFrameworks/SpeechRecognitionCore.framework/Versions/A/SpeechRecognitionCore
0x0000000103e00000 	/Library/Java/JavaVirtualMachines/jdk1.8.0_45.jdk/Contents/Home/jre/lib/server/libjvm.dylib
0x00000000048a2000 	/usr/lib/libstdc++.6.dylib
0x0000000102d2b000 	/Library/Java/JavaVirtualMachines/jdk1.8.0_45.jdk/Contents/Home/jre/lib/libverify.dylib
0x0000000102d39000 	/Library/Java/JavaVirtualMachines/jdk1.8.0_45.jdk/Contents/Home/jre/lib/libjava.dylib
0x0000000102d78000 	/Library/Java/JavaVirtualMachines/jdk1.8.0_45.jdk/Contents/Home/jre/lib/libzip.dylib
0x000000011fda6000 	/System/Library/Frameworks/JavaVM.framework/Frameworks/JavaRuntimeSupport.framework/JavaRuntimeSupport
0x000000011fdc1000 	/System/Library/Frameworks/JavaVM.framework/Versions/A/Frameworks/JavaNativeFoundation.framework/Versions/A/JavaNativeFoundation
0x000000011fdd6000 	/System/Library/Frameworks/JavaVM.framework/Versions/A/JavaVM
0x00000000048a2000 	/System/Library/Frameworks/Carbon.framework/Versions/A/Carbon
0x000000011fde3000 	/System/Library/PrivateFrameworks/JavaLaunching.framework/Versions/A/JavaLaunching
0x00000000048a2000 	/System/Library/Frameworks/Carbon.framework/Versions/A/Frameworks/CommonPanels.framework/Versions/A/CommonPanels
0x00000000048a2000 	/System/Library/Frameworks/Carbon.framework/Versions/A/Frameworks/Help.framework/Versions/A/Help
0x00000000048a2000 	/System/Library/Frameworks/Carbon.framework/Versions/A/Frameworks/ImageCapture.framework/Versions/A/ImageCapture
0x00000000048a2000 	/System/Library/Frameworks/Carbon.framework/Versions/A/Frameworks/OpenScripting.framework/Versions/A/OpenScripting
0x00000000048a2000 	/System/Library/Frameworks/Carbon.framework/Versions/A/Frameworks/Print.framework/Versions/A/Print
0x00000000048a2000 	/System/Library/Frameworks/Carbon.framework/Versions/A/Frameworks/SecurityHI.framework/Versions/A/SecurityHI
0x000000012181d000 	/Applications/IntelliJ IDEA CE.app/Contents/bin/libbreakgen64.jnilib
0x00000001218b6000 	/Library/Java/JavaVirtualMachines/jdk1.8.0_45.jdk/Contents/Home/jre/lib/libnet.dylib
0x0000000121915000 	/Library/Java/JavaVirtualMachines/jdk1.8.0_45.jdk/Contents/Home/jre/lib/libprism_es2.dylib
0x00000000048a2000 	/System/Library/Frameworks/OpenGL.framework/Versions/A/Resources/GLEngine.bundle/GLEngine
0x00000000048a2000 	/System/Library/Frameworks/OpenGL.framework/Versions/A/Libraries/libGLProgrammability.dylib
0x0000000121997000 	/System/Library/Extensions/AppleIntelHD5000GraphicsGLDriver.bundle/Contents/MacOS/AppleIntelHD5000GraphicsGLDriver
0x00000000048a2000 	/System/Library/PrivateFrameworks/GPUSupport.framework/Versions/A/Libraries/libGPUSupportMercury.dylib
0x00000000048a2000 	/System/Library/Frameworks/OpenGL.framework/Versions/A/Resources/GLRendererFloat.bundle/GLRendererFloat
0x00000000048a2000 	/System/Library/Frameworks/OpenCL.framework/Versions/A/Libraries/libcldcpuengine.dylib
0x00000000048a2000 	/System/Library/PrivateFrameworks/DiskImages.framework/Versions/A/DiskImages
0x00000000048a2000 	/System/Library/Frameworks/DiscRecording.framework/Versions/A/DiscRecording
0x00000000048a2000 	/usr/lib/libcsfde.dylib
0x00000000048a2000 	/usr/lib/libcurl.4.dylib
0x00000000048a2000 	/System/Library/PrivateFrameworks/MediaKit.framework/Versions/A/MediaKit
0x00000000048a2000 	/System/Library/PrivateFrameworks/ProtectedCloudStorage.framework/Versions/A/ProtectedCloudStorage
0x00000000048a2000 	/usr/lib/libCoreStorage.dylib
0x00000000048a2000 	/System/Library/PrivateFrameworks/EFILogin.framework/Versions/A/EFILogin
0x00000000048a2000 	/usr/lib/libutil.dylib
0x00000000048a2000 	/System/Library/PrivateFrameworks/FindMyDevice.framework/Versions/A/FindMyDevice
0x00000000048a2000 	/System/Library/Frameworks/LDAP.framework/Versions/A/LDAP
0x00000000048a2000 	/usr/lib/libsasl2.2.dylib
0x00000000048a2000 	/System/Library/PrivateFrameworks/CoreDaemon.framework/Versions/B/CoreDaemon
0x00000000048a2000 	/usr/lib/libcrypto.0.9.8.dylib
0x00000000048a2000 	/System/Library/PrivateFrameworks/AppleSRP.framework/Versions/A/AppleSRP
0x00000000048a2000 	/System/Library/PrivateFrameworks/TrustEvaluationAgent.framework/Versions/A/TrustEvaluationAgent
0x0000000122519000 	/Library/Java/JavaVirtualMachines/jdk1.8.0_45.jdk/Contents/Home/jre/lib/libglass.dylib
0x00000000048a2000 	/System/Library/PrivateFrameworks/CoreServicesInternal.framework/Versions/A/CoreServicesInternal
0x0000000122e79000 	/System/Library/CoreServices/RawCamera.bundle/Contents/MacOS/RawCamera
0x0000000123598000 	/System/Library/Frameworks/CoreGraphics.framework/Versions/A/Resources/libRIP.A.dylib
0x00000000048a2000 	/System/Library/Frameworks/Accelerate.framework/Versions/A/Frameworks/vImage.framework/Versions/A/Libraries/libCGInterfaces.dylib
0x00000000048a2000 	/System/Library/PrivateFrameworks/FamilyControls.framework/Versions/A/FamilyControls
0x00000000048a2000 	/System/Library/PrivateFrameworks/CommerceKit.framework/Versions/A/Frameworks/CommerceCore.framework/Versions/A/CommerceCore
0x00000000048a2000 	/System/Library/PrivateFrameworks/SystemAdministration.framework/Versions/A/SystemAdministration
0x00000000048a2000 	/System/Library/PrivateFrameworks/AppContainer.framework/Versions/A/AppContainer
0x00000000048a2000 	/System/Library/PrivateFrameworks/SecCodeWrapper.framework/Versions/A/SecCodeWrapper
0x00000000048a2000 	/System/Library/Frameworks/DirectoryService.framework/Versions/A/DirectoryService
0x00000000048a2000 	/System/Library/PrivateFrameworks/LoginUIKit.framework/Versions/A/Frameworks/LoginUICore.framework/Versions/A/LoginUICore
0x00000000048a2000 	/usr/lib/libodfde.dylib

VM Arguments:
jvm_args: -Didea.launcher.port=7533 -Didea.launcher.bin.path=/Applications/IntelliJ IDEA CE.app/Contents/bin -Dfile.encoding=UTF-8 
java_command: com.intellij.rt.execution.application.AppMain fxapp.Main
java_class_path (initial): /Library/Java/JavaVirtualMachines/jdk1.8.0_45.jdk/Contents/Home/jre/lib/charsets.jar:/Library/Java/JavaVirtualMachines/jdk1.8.0_45.jdk/Contents/Home/jre/lib/deploy.jar:/Library/Java/JavaVirtualMachines/jdk1.8.0_45.jdk/Contents/Home/jre/lib/ext/cldrdata.jar:/Library/Java/JavaVirtualMachines/jdk1.8.0_45.jdk/Contents/Home/jre/lib/ext/dnsns.jar:/Library/Java/JavaVirtualMachines/jdk1.8.0_45.jdk/Contents/Home/jre/lib/ext/jfxrt.jar:/Library/Java/JavaVirtualMachines/jdk1.8.0_45.jdk/Contents/Home/jre/lib/ext/localedata.jar:/Library/Java/JavaVirtualMachines/jdk1.8.0_45.jdk/Contents/Home/jre/lib/ext/nashorn.jar:/Library/Java/JavaVirtualMachines/jdk1.8.0_45.jdk/Contents/Home/jre/lib/ext/sunec.jar:/Library/Java/JavaVirtualMachines/jdk1.8.0_45.jdk/Contents/Home/jre/lib/ext/sunjce_provider.jar:/Library/Java/JavaVirtualMachines/jdk1.8.0_45.jdk/Contents/Home/jre/lib/ext/sunpkcs11.jar:/Library/Java/JavaVirtualMachines/jdk1.8.0_45.jdk/Contents/Home/jre/lib/ext/zipfs.jar:/Library/Java/JavaVirtualMachines/jdk1.8.0_45.jdk/Contents/Home/jre/lib/javaws.jar:/Library/Java/JavaVirtualMachines/jdk1.8.0_45.jdk/Contents/Home/jre/lib/jce.jar:/Library/Java/JavaVirtualMachines/jdk1.8.0_45.jdk/Contents/Home/jre/lib/jfr.jar:/Library/Java/JavaVirtualMachines/jdk1.8.0_45.jdk/Contents/Home/jre/lib/jfxswt.jar:/Library/Java/JavaVirtualMachines/jdk1.8.0_45.jdk/Contents/Home/jre/lib/jsse.jar:/Library/Java/JavaVirtualMachines/jdk1.8.0_45.jdk/Contents/Home/jre/lib/management-agent.jar:/Library/Java/JavaVirtualMachines/jdk1.8.0_45.jdk/Contents/Home/jre/lib/plugin.jar:/Library/Java/JavaVirtualMachines/jdk1.8.0_45.jdk/Contents/Home/jre/lib/resources.jar:/Library/Java/JavaVirtualMachines/jdk1.8.0_45.jdk/Contents/Home/jre/lib/rt.jar:/Library/Java/JavaVirtualMachines/jdk1.8.0_45.jdk/Contents/Home/lib/ant-javafx.jar:/Library/Java/JavaVirtualMachines/jdk1.8.0_45.jdk/Contents/Home/lib/dt.jar:/Library/Java/JavaVirtualMachines/jdk1.8.0_45.jdk/Contents/Home/lib/javafx-mx.jar:/Library/Java/Jav
Launcher Type: SUN_STANDARD

Environment Variables:
PATH=/usr/local/bin:/usr/bin:/bin:/usr/sbin:/sbin:/opt/X11/bin
SHELL=/bin/bash
DISPLAY=/private/tmp/com.apple.launchd.hLgG9AvAOb/org.macosforge.xquartz:0

Signal Handlers:
SIGSEGV: [libjvm.dylib+0x58ef95], sa_mask[0]=11111111011111110111111111111111, sa_flags=SA_ONSTACK|SA_RESTART|SA_SIGINFO
SIGBUS: [libjvm.dylib+0x58ef95], sa_mask[0]=11111111011111110111111111111111, sa_flags=SA_RESTART|SA_SIGINFO
SIGFPE: [libjvm.dylib+0x46c108], sa_mask[0]=11111111011111110111111111111111, sa_flags=SA_RESTART|SA_SIGINFO
SIGPIPE: [libjvm.dylib+0x46c108], sa_mask[0]=11111111011111110111111111111111, sa_flags=SA_RESTART|SA_SIGINFO
SIGXFSZ: [libjvm.dylib+0x46c108], sa_mask[0]=11111111011111110111111111111111, sa_flags=SA_RESTART|SA_SIGINFO
SIGILL: [libjvm.dylib+0x46c108], sa_mask[0]=11111111011111110111111111111111, sa_flags=SA_RESTART|SA_SIGINFO
SIGUSR1: SIG_DFL, sa_mask[0]=00000000000000000000000000000000, sa_flags=none
SIGUSR2: [libjvm.dylib+0x46bc26], sa_mask[0]=00100000000000000000000000000000, sa_flags=SA_RESTART|SA_SIGINFO
SIGHUP: [libjvm.dylib+0x46a1f9], sa_mask[0]=11111111011111110111111111111111, sa_flags=SA_RESTART|SA_SIGINFO
SIGINT: [libjvm.dylib+0x46a1f9], sa_mask[0]=11111111011111110111111111111111, sa_flags=SA_RESTART|SA_SIGINFO
SIGTERM: [libjvm.dylib+0x46a1f9], sa_mask[0]=11111111011111110111111111111111, sa_flags=SA_RESTART|SA_SIGINFO
SIGQUIT: [libjvm.dylib+0x46a1f9], sa_mask[0]=11111111011111110111111111111111, sa_flags=SA_RESTART|SA_SIGINFO


---------------  S Y S T E M  ---------------

OS:Bsduname:Darwin 15.6.0 Darwin Kernel Version 15.6.0: Mon Aug 29 20:21:34 PDT 2016; root:xnu-3248.60.11~1/RELEASE_X86_64 x86_64
rlimit: STACK 8192k, CORE 0k, NPROC 709, NOFILE 10240, AS infinity
load average:2.84 2.34 2.06

CPU:total 8 (4 cores per cpu, 2 threads per core) family 6 model 70 stepping 1, cmov, cx8, fxsr, mmx, sse, sse2, sse3, ssse3, sse4.1, sse4.2, popcnt, avx, avx2, aes, clmul, erms, lzcnt, ht, tsc, tscinvbit, bmi1, bmi2

Memory: 4k page, physical 16777216k(334204k free)

/proc/meminfo:


vm_info: Java HotSpot(TM) 64-Bit Server VM (25.45-b02) for bsd-amd64 JRE (1.8.0_45-b14), built on Apr 10 2015 10:46:38 by "java_re" with gcc 4.2.1 (Based on Apple Inc. build 5658) (LLVM build 2336.11.00)

time: Thu Sep 22 00:46:18 2016
elapsed time: 0 seconds (0d 0h 0m 0s)

